build/app/intermediates/manifest_merge_blame_file/release/manifest-merger-blame-release-report.txt
1<?xml version="1.0" encoding="utf-8"?>
2<manifest xmlns:android="http://schemas.android.com/apk/res/android"
3    package="com.example.douyin_downloader"
4    android:versionCode="1001"
5    android:versionName="1.0" >
6
7    <uses-sdk
8        android:minSdkVersion="21"
9        android:targetSdkVersion="34" />
10
11    <uses-permission android:name="android.permission.INTERNET" />
11-->src\main\AndroidManifest.xml:3:5-66
11-->src\main\AndroidManifest.xml:3:22-64
12    <uses-permission
12-->src\main\AndroidManifest.xml:4:5-5:38
13        android:name="android.permission.WRITE_EXTERNAL_STORAGE"
13-->src\main\AndroidManifest.xml:4:22-78
14        android:maxSdkVersion="32" />
14-->src\main\AndroidManifest.xml:5:9-35
15    <uses-permission
15-->src\main\AndroidManifest.xml:6:5-7:38
16        android:name="android.permission.READ_EXTERNAL_STORAGE"
16-->src\main\AndroidManifest.xml:6:22-77
17        android:maxSdkVersion="32" />
17-->src\main\AndroidManifest.xml:7:9-35
18    <uses-permission android:name="android.permission.READ_MEDIA_IMAGES" />
18-->src\main\AndroidManifest.xml:8:5-76
18-->src\main\AndroidManifest.xml:8:22-73
19    <uses-permission android:name="android.permission.READ_MEDIA_VIDEO" />
19-->src\main\AndroidManifest.xml:9:5-75
19-->src\main\AndroidManifest.xml:9:22-72
20    <uses-permission android:name="android.permission.SYSTEM_ALERT_WINDOW" />
20-->src\main\AndroidManifest.xml:10:5-78
20-->src\main\AndroidManifest.xml:10:22-75
21    <!-- Android 12+ 剪贴板读取提示（无需权限，但建议声明） -->
22    <uses-permission android:name="android.permission.READ_CLIPBOARD_IN_BACKGROUND" />
22-->src\main\AndroidManifest.xml:12:5-13:47
22-->src\main\AndroidManifest.xml:12:22-84
23
24    <application
25        android:name="android.app.Application"
25-->src\main\AndroidManifest.xml:17:9-42
26        android:appComponentFactory="androidx.core.app.CoreComponentFactory"
26-->[androidx.core:core:1.6.0] AndroidManifest.xml:24:18-86
27        android:extractNativeLibs="true"
28        android:icon="@mipmap/ic_launcher"
28-->src\main\AndroidManifest.xml:18:9-43
29        android:label="便捷下载"
29-->src\main\AndroidManifest.xml:16:9-29
30        android:roundIcon="@mipmap/ic_launcher" >
30-->src\main\AndroidManifest.xml:19:9-48
31        <activity
31-->src\main\AndroidManifest.xml:20:9-32:20
32            android:name="com.example.douyin_downloader.MainActivity"
32-->src\main\AndroidManifest.xml:21:13-41
33            android:configChanges="orientation|keyboardHidden|keyboard|screenSize|smallestScreenSize|locale|layoutDirection|fontScale|screenLayout|density|uiMode"
33-->src\main\AndroidManifest.xml:25:13-163
34            android:exported="true"
34-->src\main\AndroidManifest.xml:22:13-36
35            android:hardwareAccelerated="true"
35-->src\main\AndroidManifest.xml:26:13-47
36            android:launchMode="singleTop"
36-->src\main\AndroidManifest.xml:23:13-43
37            android:theme="@style/AppTheme"
37-->src\main\AndroidManifest.xml:24:13-44
38            android:windowSoftInputMode="adjustResize" >
38-->src\main\AndroidManifest.xml:27:13-55
39            <intent-filter>
39-->src\main\AndroidManifest.xml:28:13-31:29
40                <action android:name="android.intent.action.MAIN" />
40-->src\main\AndroidManifest.xml:29:17-68
40-->src\main\AndroidManifest.xml:29:25-66
41
42                <category android:name="android.intent.category.LAUNCHER" />
42-->src\main\AndroidManifest.xml:30:17-76
42-->src\main\AndroidManifest.xml:30:27-74
43            </intent-filter>
44        </activity>
45
46        <meta-data
46-->src\main\AndroidManifest.xml:33:9-35:33
47            android:name="flutterEmbedding"
47-->src\main\AndroidManifest.xml:34:13-44
48            android:value="2" />
48-->src\main\AndroidManifest.xml:35:13-30
49
50        <service
50-->src\main\AndroidManifest.xml:37:9-39:40
51            android:name="com.example.douyin_downloader.FloatingWindowService"
51-->src\main\AndroidManifest.xml:38:13-50
52            android:exported="false" />
52-->src\main\AndroidManifest.xml:39:13-37
53
54        <uses-library
54-->[androidx.window:window:1.0.0-beta04] AndroidManifest.xml:25:9-27:40
55            android:name="androidx.window.extensions"
55-->[androidx.window:window:1.0.0-beta04] AndroidManifest.xml:26:13-54
56            android:required="false" />
56-->[androidx.window:window:1.0.0-beta04] AndroidManifest.xml:27:13-37
57        <uses-library
57-->[androidx.window:window:1.0.0-beta04] AndroidManifest.xml:28:9-30:40
58            android:name="androidx.window.sidecar"
58-->[androidx.window:window:1.0.0-beta04] AndroidManifest.xml:29:13-51
59            android:required="false" />
59-->[androidx.window:window:1.0.0-beta04] AndroidManifest.xml:30:13-37
60    </application>
61
62</manifest>